<?xml version="1.0" encoding="UTF-8"?>
<testng-results ignored="0" total="2" passed="2" failed="0" skipped="0">
  <reporter-output>
  </reporter-output>
  <suite started-at="2025-08-05T10:43:15 IST" name="Suite" finished-at="2025-08-05T10:44:10 IST" duration-ms="54581">
    <groups>
    </groups>
    <test started-at="2025-08-05T10:43:15 IST" name="CBTS Automation Testing" finished-at="2025-08-05T10:44:10 IST" duration-ms="54581">
      <class name="testcases.homePageTC3">
        <test-method is-config="true" signature="setUp()[pri:0, instance:testcases.homePageTC3@55634720]" started-at="2025-08-05T10:43:15 IST" name="setUp" finished-at="2025-08-05T10:43:15 IST" duration-ms="0" status="PASS">
          <reporter-output>
          </reporter-output>
        </test-method> <!-- setUp -->
        <test-method signature="tc002_VerifySearchFunctionality()[pri:0, instance:testcases.homePageTC3@55634720]" started-at="2025-08-05T10:43:15 IST" name="tc002_VerifySearchFunctionality" finished-at="2025-08-05T10:43:43 IST" duration-ms="27549" status="PASS">
          <reporter-output>
          </reporter-output>
        </test-method> <!-- tc002_VerifySearchFunctionality -->
        <test-method is-config="true" signature="tearDown()[pri:0, instance:testcases.homePageTC3@55634720]" started-at="2025-08-05T10:44:10 IST" name="tearDown" finished-at="2025-08-05T10:44:10 IST" duration-ms="0" status="PASS">
          <reporter-output>
          </reporter-output>
        </test-method> <!-- tearDown -->
      </class> <!-- testcases.homePageTC3 -->
      <class name="testcases.homePageTC2">
        <test-method is-config="true" signature="setUp()[pri:0, instance:testcases.homePageTC2@54a7079e]" started-at="2025-08-05T10:43:15 IST" name="setUp" finished-at="2025-08-05T10:43:15 IST" duration-ms="6" status="PASS">
          <reporter-output>
          </reporter-output>
        </test-method> <!-- setUp -->
        <test-method signature="tc001_Login()[pri:0, instance:testcases.homePageTC2@54a7079e]" started-at="2025-08-05T10:43:15 IST" name="tc001_Login" finished-at="2025-08-05T10:44:09 IST" duration-ms="54195" status="PASS">
          <reporter-output>
          </reporter-output>
        </test-method> <!-- tc001_Login -->
        <test-method is-config="true" signature="tearDown()[pri:0, instance:testcases.homePageTC2@54a7079e]" started-at="2025-08-05T10:44:10 IST" name="tearDown" finished-at="2025-08-05T10:44:10 IST" duration-ms="1" status="PASS">
          <reporter-output>
          </reporter-output>
        </test-method> <!-- tearDown -->
      </class> <!-- testcases.homePageTC2 -->
    </test> <!-- CBTS Automation Testing -->
  </suite> <!-- Suite -->
</testng-results>
